#
# There is insufficient memory for the Java Runtime Environment to continue.
# Native memory allocation (malloc) failed to allocate 400176 bytes. Error detail: Chunk::new
# Possible reasons:
#   The system is out of physical RAM or swap space
#   This process is running with CompressedOops enabled, and the Java Heap may be blocking the growth of the native heap
# Possible solutions:
#   Reduce memory load on the system
#   Increase physical memory or swap space
#   Check if swap backing store is full
#   Decrease Java heap size (-Xmx/-Xms)
#   Decrease number of Java threads
#   Decrease Java thread stack sizes (-Xss)
#   Set larger code cache with -XX:ReservedCodeCacheSize=
#   JVM is running with Unscaled Compressed Oops mode in which the Java heap is
#     placed in the first 4GB address space. The Java Heap base address is the
#     maximum limit for the native heap growth. Please use -XX:HeapBaseMinAddress
#     to set the Java Heap base and to place the Java Heap above 4GB virtual address.
# This output file may be truncated or incomplete.
#
#  Out of Memory Error (arena.cpp:149), pid=17200, tid=7440
#
# JRE version: Java(TM) SE Runtime Environment (23.0+37) (build 23+37-2369)
# Java VM: Java HotSpot(TM) 64-Bit Server VM (23+37-2369, mixed mode, sharing, tiered, compressed oops, compressed class ptrs, g1 gc, windows-amd64)
# No core dump will be written. Minidumps are not enabled by default on client versions of Windows
#

---------------  S U M M A R Y ------------

Command Line: -Dfile.encoding=UTF-8 -Dstdout.encoding=UTF-8 -Dstderr.encoding=UTF-8 --module-path=C:\mysql-connector-j-9.1.0.jar -XX:+ShowCodeDetailsInExceptionMessages Main.Main

Host: Intel(R) Core(TM) i7-5600U CPU @ 2.60GHz, 4 cores, 7G,  Windows 10 , 64 bit Build 19041 (10.0.19041.4957)
Time: Sat Dec 28 16:15:14 2024 Paris, Madrid elapsed time: 0.902935 seconds (0d 0h 0m 0s)

---------------  T H R E A D  ---------------

Current thread (0x000001f6d7d02410):  JavaThread "C2 CompilerThread1" daemon [_thread_in_native, id=7440, stack(0x000000ae4b700000,0x000000ae4b800000) (1024K)]


Current CompileTask:
C2:903  959       4       java.util.Properties::loadConvert (540 bytes)

Stack: [0x000000ae4b700000,0x000000ae4b800000]
Native frames: (J=compiled Java code, j=interpreted, Vv=VM code, C=native code)
V  [jvm.dll+0x6e08a9]  (no source info available)
V  [jvm.dll+0x87da63]  (no source info available)
V  [jvm.dll+0x87feee]  (no source info available)
V  [jvm.dll+0x8805c3]  (no source info available)
V  [jvm.dll+0x27aee6]  (no source info available)
V  [jvm.dll+0xbc06f]  (no source info available)
V  [jvm.dll+0xbc2cb]  (no source info available)
V  [jvm.dll+0x3b3a62]  (no source info available)
V  [jvm.dll+0x38a42b]  (no source info available)
V  [jvm.dll+0x38989a]  (no source info available)
V  [jvm.dll+0x244aa1]  (no source info available)
V  [jvm.dll+0x243dff]  (no source info available)
V  [jvm.dll+0x1c33a0]  (no source info available)
V  [jvm.dll+0x253cf1]  (no source info available)
V  [jvm.dll+0x251faa]  (no source info available)
V  [jvm.dll+0x3ee036]  (no source info available)
V  [jvm.dll+0x824f1b]  (no source info available)
V  [jvm.dll+0x6df055]  (no source info available)
C  [ucrtbase.dll+0x21bb2]  (no source info available)
C  [KERNEL32.DLL+0x17374]  (no source info available)
C  [ntdll.dll+0x4cc91]  (no source info available)

Lock stack of current Java thread (top to bottom):


---------------  P R O C E S S  ---------------

Threads class SMR info:
_java_thread_list=0x000001f71d2e58b0, length=17, elements={
0x000001f6b95deed0, 0x000001f6d7b00ce0, 0x000001f6d7b04a20, 0x000001f6d7b088f0,
0x000001f6d7b09350, 0x000001f6d7b09db0, 0x000001f6d7b0a810, 0x000001f6d7b0b5a0,
0x000001f6d7b35d40, 0x000001f6d7c1f350, 0x000001f6d7d02410, 0x000001f6d7d880b0,
0x000001f6d7ef03c0, 0x000001f6d7efdde0, 0x000001f6d7efef90, 0x000001f71d2977a0,
0x000001f71d2e5a70
}

Java Threads: ( => current thread )
  0x000001f6b95deed0 JavaThread "main"                              [_thread_in_vm, id=20488, stack(0x000000ae4a600000,0x000000ae4a700000) (1024K)]
  0x000001f6d7b00ce0 JavaThread "Reference Handler"          daemon [_thread_blocked, id=27592, stack(0x000000ae4ae00000,0x000000ae4af00000) (1024K)]
  0x000001f6d7b04a20 JavaThread "Finalizer"                  daemon [_thread_blocked, id=8380, stack(0x000000ae4af00000,0x000000ae4b000000) (1024K)]
  0x000001f6d7b088f0 JavaThread "Signal Dispatcher"          daemon [_thread_blocked, id=7536, stack(0x000000ae4b000000,0x000000ae4b100000) (1024K)]
  0x000001f6d7b09350 JavaThread "Attach Listener"            daemon [_thread_blocked, id=13628, stack(0x000000ae4b100000,0x000000ae4b200000) (1024K)]
  0x000001f6d7b09db0 JavaThread "Service Thread"             daemon [_thread_blocked, id=22116, stack(0x000000ae4b200000,0x000000ae4b300000) (1024K)]
  0x000001f6d7b0a810 JavaThread "Monitor Deflation Thread"   daemon [_thread_blocked, id=26952, stack(0x000000ae4b300000,0x000000ae4b400000) (1024K)]
  0x000001f6d7b0b5a0 JavaThread "C2 CompilerThread0"         daemon [_thread_blocked, id=23052, stack(0x000000ae4b400000,0x000000ae4b500000) (1024K)]
  0x000001f6d7b35d40 JavaThread "C1 CompilerThread0"         daemon [_thread_blocked, id=20236, stack(0x000000ae4b500000,0x000000ae4b600000) (1024K)]
  0x000001f6d7c1f350 JavaThread "Common-Cleaner"             daemon [_thread_blocked, id=14480, stack(0x000000ae4b600000,0x000000ae4b700000) (1024K)]
=>0x000001f6d7d02410 JavaThread "C2 CompilerThread1"         daemon [_thread_in_native, id=7440, stack(0x000000ae4b700000,0x000000ae4b800000) (1024K)]
  0x000001f6d7d880b0 JavaThread "Notification Thread"        daemon [_thread_blocked, id=21220, stack(0x000000ae4b800000,0x000000ae4b900000) (1024K)]
  0x000001f6d7ef03c0 JavaThread "Java2D Disposer"            daemon [_thread_blocked, id=24336, stack(0x000000ae4b900000,0x000000ae4ba00000) (1024K)]
  0x000001f6d7efdde0 JavaThread "AWT-Shutdown"                      [_thread_blocked, id=2680, stack(0x000000ae4ba00000,0x000000ae4bb00000) (1024K)]
  0x000001f6d7efef90 JavaThread "AWT-Windows"                daemon [_thread_in_native, id=21852, stack(0x000000ae4bb00000,0x000000ae4bc00000) (1024K)]
  0x000001f71d2977a0 JavaThread "AWT-EventQueue-0"                  [_thread_blocked, id=24260, stack(0x000000ae4bc00000,0x000000ae4bd00000) (1024K)]
  0x000001f71d2e5a70 JavaThread "mysql-cj-abandoned-connection-cleanup" daemon [_thread_blocked, id=13812, stack(0x000000ae4bd00000,0x000000ae4be00000) (1024K)]
Total: 17

Other Threads:
  0x000001f6d7ae7b20 VMThread "VM Thread"                           [id=10704, stack(0x000000ae4ad00000,0x000000ae4ae00000) (1024K)]
  0x000001f6d7ad68c0 WatcherThread "VM Periodic Task Thread"        [id=26516, stack(0x000000ae4ac00000,0x000000ae4ad00000) (1024K)]
  0x000001f6b9735420 WorkerThread "GC Thread#0"                     [id=12620, stack(0x000000ae4a700000,0x000000ae4a800000) (1024K)]
  0x000001f6b974a910 ConcurrentGCThread "G1 Main Marker"            [id=16212, stack(0x000000ae4a800000,0x000000ae4a900000) (1024K)]
  0x000001f6b974b420 WorkerThread "G1 Conc#0"                       [id=19672, stack(0x000000ae4a900000,0x000000ae4aa00000) (1024K)]
  0x000001f6d79960e0 ConcurrentGCThread "G1 Refine#0"               [id=24732, stack(0x000000ae4aa00000,0x000000ae4ab00000) (1024K)]
  0x000001f6d7996a70 ConcurrentGCThread "G1 Service"                [id=16652, stack(0x000000ae4ab00000,0x000000ae4ac00000) (1024K)]
Total: 7

Threads with active compile tasks:
C2 CompilerThread1  1033  959       4       java.util.Properties::loadConvert (540 bytes)
Total: 1

VM state: not at safepoint (normal execution)

VM Mutex/Monitor currently owned by a thread:  ([mutex/lock_event])
[0x00007ffe41ed1890] Metaspace_lock - owner thread: 0x000001f6b95deed0

Heap address: 0x0000000081e00000, size: 2018 MB, Compressed Oops mode: 32-bit

CDS archive(s) mapped at: [0x000001f6d8000000-0x000001f6d8d70000-0x000001f6d8d70000), size 14090240, SharedBaseAddress: 0x000001f6d8000000, ArchiveRelocationMode: 1.
Compressed class space mapped at: 0x000001f6d9000000-0x000001f719000000, reserved size: 1073741824
Narrow klass base: 0x000001f6d8000000, Narrow klass shift: 0, Narrow klass range: 0x41000000

GC Precious Log:
 CardTable entry size: 512
 Card Set container configuration: InlinePtr #cards 5 size 8 Array Of Cards #cards 10 size 36 Howl #buckets 4 coarsen threshold 1843 Howl Bitmap #cards 512 size 80 coarsen threshold 460 Card regions per heap region 1 cards per card region 2048
 CPUs: 4 total, 4 available
 Memory: 8067M
 Large Page Support: Disabled
 NUMA Support: Disabled
 Compressed Oops: Enabled (32-bit)
 Heap Region Size: 1M
 Heap Min Capacity: 8M
 Heap Initial Capacity: 128M
 Heap Max Capacity: 2018M
 Pre-touch: Disabled
 Parallel Workers: 4
 Concurrent Workers: 1
 Concurrent Refinement Workers: 4
 Periodic GC: Disabled

Heap:
 garbage-first heap   total reserved 2066432K, committed 131072K, used 9216K [0x0000000081e00000, 0x0000000100000000)
  region size 1024K, 10 young (10240K), 0 survivors (0K)
 Metaspace       used 8116K, committed 8256K, reserved 1114112K
  class space    used 977K, committed 1024K, reserved 1048576K

Heap Regions: E=young(eden), S=young(survivor), O=old, HS=humongous(starts), HC=humongous(continues), CS=collection set, F=free, TAMS=top-at-mark-start, PB=parsable bottom
|   0|0x0000000081e00000, 0x0000000081e00000, 0x0000000081f00000|  0%| F|  |TAMS 0x0000000081e00000| PB 0x0000000081e00000| Untracked |  0
|   1|0x0000000081f00000, 0x0000000081f00000, 0x0000000082000000|  0%| F|  |TAMS 0x0000000081f00000| PB 0x0000000081f00000| Untracked |  0
|   2|0x0000000082000000, 0x0000000082000000, 0x0000000082100000|  0%| F|  |TAMS 0x0000000082000000| PB 0x0000000082000000| Untracked |  0
|   3|0x0000000082100000, 0x0000000082100000, 0x0000000082200000|  0%| F|  |TAMS 0x0000000082100000| PB 0x0000000082100000| Untracked |  0
|   4|0x0000000082200000, 0x0000000082200000, 0x0000000082300000|  0%| F|  |TAMS 0x0000000082200000| PB 0x0000000082200000| Untracked |  0
|   5|0x0000000082300000, 0x0000000082300000, 0x0000000082400000|  0%| F|  |TAMS 0x0000000082300000| PB 0x0000000082300000| Untracked |  0
|   6|0x0000000082400000, 0x0000000082400000, 0x0000000082500000|  0%| F|  |TAMS 0x0000000082400000| PB 0x0000000082400000| Untracked |  0
|   7|0x0000000082500000, 0x0000000082500000, 0x0000000082600000|  0%| F|  |TAMS 0x0000000082500000| PB 0x0000000082500000| Untracked |  0
|   8|0x0000000082600000, 0x0000000082600000, 0x0000000082700000|  0%| F|  |TAMS 0x0000000082600000| PB 0x0000000082600000| Untracked |  0
|   9|0x0000000082700000, 0x0000000082700000, 0x0000000082800000|  0%| F|  |TAMS 0x0000000082700000| PB 0x0000000082700000| Untracked |  0
|  10|0x0000000082800000, 0x0000000082800000, 0x0000000082900000|  0%| F|  |TAMS 0x0000000082800000| PB 0x0000000082800000| Untracked |  0
|  11|0x0000000082900000, 0x0000000082900000, 0x0000000082a00000|  0%| F|  |TAMS 0x0000000082900000| PB 0x0000000082900000| Untracked |  0
|  12|0x0000000082a00000, 0x0000000082a00000, 0x0000000082b00000|  0%| F|  |TAMS 0x0000000082a00000| PB 0x0000000082a00000| Untracked |  0
|  13|0x0000000082b00000, 0x0000000082b00000, 0x0000000082c00000|  0%| F|  |TAMS 0x0000000082b00000| PB 0x0000000082b00000| Untracked |  0
|  14|0x0000000082c00000, 0x0000000082c00000, 0x0000000082d00000|  0%| F|  |TAMS 0x0000000082c00000| PB 0x0000000082c00000| Untracked |  0
|  15|0x0000000082d00000, 0x0000000082d00000, 0x0000000082e00000|  0%| F|  |TAMS 0x0000000082d00000| PB 0x0000000082d00000| Untracked |  0
|  16|0x0000000082e00000, 0x0000000082e00000, 0x0000000082f00000|  0%| F|  |TAMS 0x0000000082e00000| PB 0x0000000082e00000| Untracked |  0
|  17|0x0000000082f00000, 0x0000000082f00000, 0x0000000083000000|  0%| F|  |TAMS 0x0000000082f00000| PB 0x0000000082f00000| Untracked |  0
|  18|0x0000000083000000, 0x0000000083000000, 0x0000000083100000|  0%| F|  |TAMS 0x0000000083000000| PB 0x0000000083000000| Untracked |  0
|  19|0x0000000083100000, 0x0000000083100000, 0x0000000083200000|  0%| F|  |TAMS 0x0000000083100000| PB 0x0000000083100000| Untracked |  0
|  20|0x0000000083200000, 0x0000000083200000, 0x0000000083300000|  0%| F|  |TAMS 0x0000000083200000| PB 0x0000000083200000| Untracked |  0
|  21|0x0000000083300000, 0x0000000083300000, 0x0000000083400000|  0%| F|  |TAMS 0x0000000083300000| PB 0x0000000083300000| Untracked |  0
|  22|0x0000000083400000, 0x0000000083400000, 0x0000000083500000|  0%| F|  |TAMS 0x0000000083400000| PB 0x0000000083400000| Untracked |  0
|  23|0x0000000083500000, 0x0000000083500000, 0x0000000083600000|  0%| F|  |TAMS 0x0000000083500000| PB 0x0000000083500000| Untracked |  0
|  24|0x0000000083600000, 0x0000000083600000, 0x0000000083700000|  0%| F|  |TAMS 0x0000000083600000| PB 0x0000000083600000| Untracked |  0
|  25|0x0000000083700000, 0x0000000083700000, 0x0000000083800000|  0%| F|  |TAMS 0x0000000083700000| PB 0x0000000083700000| Untracked |  0
|  26|0x0000000083800000, 0x0000000083800000, 0x0000000083900000|  0%| F|  |TAMS 0x0000000083800000| PB 0x0000000083800000| Untracked |  0
|  27|0x0000000083900000, 0x0000000083900000, 0x0000000083a00000|  0%| F|  |TAMS 0x0000000083900000| PB 0x0000000083900000| Untracked |  0
|  28|0x0000000083a00000, 0x0000000083a00000, 0x0000000083b00000|  0%| F|  |TAMS 0x0000000083a00000| PB 0x0000000083a00000| Untracked |  0
|  29|0x0000000083b00000, 0x0000000083b00000, 0x0000000083c00000|  0%| F|  |TAMS 0x0000000083b00000| PB 0x0000000083b00000| Untracked |  0
|  30|0x0000000083c00000, 0x0000000083c00000, 0x0000000083d00000|  0%| F|  |TAMS 0x0000000083c00000| PB 0x0000000083c00000| Untracked |  0
|  31|0x0000000083d00000, 0x0000000083d00000, 0x0000000083e00000|  0%| F|  |TAMS 0x0000000083d00000| PB 0x0000000083d00000| Untracked |  0
|  32|0x0000000083e00000, 0x0000000083e00000, 0x0000000083f00000|  0%| F|  |TAMS 0x0000000083e00000| PB 0x0000000083e00000| Untracked |  0
|  33|0x0000000083f00000, 0x0000000083f00000, 0x0000000084000000|  0%| F|  |TAMS 0x0000000083f00000| PB 0x0000000083f00000| Untracked |  0
|  34|0x0000000084000000, 0x0000000084000000, 0x0000000084100000|  0%| F|  |TAMS 0x0000000084000000| PB 0x0000000084000000| Untracked |  0
|  35|0x0000000084100000, 0x0000000084100000, 0x0000000084200000|  0%| F|  |TAMS 0x0000000084100000| PB 0x0000000084100000| Untracked |  0
|  36|0x0000000084200000, 0x0000000084200000, 0x0000000084300000|  0%| F|  |TAMS 0x0000000084200000| PB 0x0000000084200000| Untracked |  0
|  37|0x0000000084300000, 0x0000000084300000, 0x0000000084400000|  0%| F|  |TAMS 0x0000000084300000| PB 0x0000000084300000| Untracked |  0
|  38|0x0000000084400000, 0x0000000084400000, 0x0000000084500000|  0%| F|  |TAMS 0x0000000084400000| PB 0x0000000084400000| Untracked |  0
|  39|0x0000000084500000, 0x0000000084500000, 0x0000000084600000|  0%| F|  |TAMS 0x0000000084500000| PB 0x0000000084500000| Untracked |  0
|  40|0x0000000084600000, 0x0000000084600000, 0x0000000084700000|  0%| F|  |TAMS 0x0000000084600000| PB 0x0000000084600000| Untracked |  0
|  41|0x0000000084700000, 0x0000000084700000, 0x0000000084800000|  0%| F|  |TAMS 0x0000000084700000| PB 0x0000000084700000| Untracked |  0
|  42|0x0000000084800000, 0x0000000084800000, 0x0000000084900000|  0%| F|  |TAMS 0x0000000084800000| PB 0x0000000084800000| Untracked |  0
|  43|0x0000000084900000, 0x0000000084900000, 0x0000000084a00000|  0%| F|  |TAMS 0x0000000084900000| PB 0x0000000084900000| Untracked |  0
|  44|0x0000000084a00000, 0x0000000084a00000, 0x0000000084b00000|  0%| F|  |TAMS 0x0000000084a00000| PB 0x0000000084a00000| Untracked |  0
|  45|0x0000000084b00000, 0x0000000084b00000, 0x0000000084c00000|  0%| F|  |TAMS 0x0000000084b00000| PB 0x0000000084b00000| Untracked |  0
|  46|0x0000000084c00000, 0x0000000084c00000, 0x0000000084d00000|  0%| F|  |TAMS 0x0000000084c00000| PB 0x0000000084c00000| Untracked |  0
|  47|0x0000000084d00000, 0x0000000084d00000, 0x0000000084e00000|  0%| F|  |TAMS 0x0000000084d00000| PB 0x0000000084d00000| Untracked |  0
|  48|0x0000000084e00000, 0x0000000084e00000, 0x0000000084f00000|  0%| F|  |TAMS 0x0000000084e00000| PB 0x0000000084e00000| Untracked |  0
|  49|0x0000000084f00000, 0x0000000084f00000, 0x0000000085000000|  0%| F|  |TAMS 0x0000000084f00000| PB 0x0000000084f00000| Untracked |  0
|  50|0x0000000085000000, 0x0000000085000000, 0x0000000085100000|  0%| F|  |TAMS 0x0000000085000000| PB 0x0000000085000000| Untracked |  0
|  51|0x0000000085100000, 0x0000000085100000, 0x0000000085200000|  0%| F|  |TAMS 0x0000000085100000| PB 0x0000000085100000| Untracked |  0
|  52|0x0000000085200000, 0x0000000085200000, 0x0000000085300000|  0%| F|  |TAMS 0x0000000085200000| PB 0x0000000085200000| Untracked |  0
|  53|0x0000000085300000, 0x0000000085300000, 0x0000000085400000|  0%| F|  |TAMS 0x0000000085300000| PB 0x0000000085300000| Untracked |  0
|  54|0x0000000085400000, 0x0000000085400000, 0x0000000085500000|  0%| F|  |TAMS 0x0000000085400000| PB 0x0000000085400000| Untracked |  0
|  55|0x0000000085500000, 0x0000000085500000, 0x0000000085600000|  0%| F|  |TAMS 0x0000000085500000| PB 0x0000000085500000| Untracked |  0
|  56|0x0000000085600000, 0x0000000085600000, 0x0000000085700000|  0%| F|  |TAMS 0x0000000085600000| PB 0x0000000085600000| Untracked |  0
|  57|0x0000000085700000, 0x0000000085700000, 0x0000000085800000|  0%| F|  |TAMS 0x0000000085700000| PB 0x0000000085700000| Untracked |  0
|  58|0x0000000085800000, 0x0000000085800000, 0x0000000085900000|  0%| F|  |TAMS 0x0000000085800000| PB 0x0000000085800000| Untracked |  0
|  59|0x0000000085900000, 0x0000000085900000, 0x0000000085a00000|  0%| F|  |TAMS 0x0000000085900000| PB 0x0000000085900000| Untracked |  0
|  60|0x0000000085a00000, 0x0000000085a00000, 0x0000000085b00000|  0%| F|  |TAMS 0x0000000085a00000| PB 0x0000000085a00000| Untracked |  0
|  61|0x0000000085b00000, 0x0000000085b00000, 0x0000000085c00000|  0%| F|  |TAMS 0x0000000085b00000| PB 0x0000000085b00000| Untracked |  0
|  62|0x0000000085c00000, 0x0000000085c00000, 0x0000000085d00000|  0%| F|  |TAMS 0x0000000085c00000| PB 0x0000000085c00000| Untracked |  0
|  63|0x0000000085d00000, 0x0000000085d00000, 0x0000000085e00000|  0%| F|  |TAMS 0x0000000085d00000| PB 0x0000000085d00000| Untracked |  0
|  64|0x0000000085e00000, 0x0000000085e00000, 0x0000000085f00000|  0%| F|  |TAMS 0x0000000085e00000| PB 0x0000000085e00000| Untracked |  0
|  65|0x0000000085f00000, 0x0000000085f00000, 0x0000000086000000|  0%| F|  |TAMS 0x0000000085f00000| PB 0x0000000085f00000| Untracked |  0
|  66|0x0000000086000000, 0x0000000086000000, 0x0000000086100000|  0%| F|  |TAMS 0x0000000086000000| PB 0x0000000086000000| Untracked |  0
|  67|0x0000000086100000, 0x0000000086100000, 0x0000000086200000|  0%| F|  |TAMS 0x0000000086100000| PB 0x0000000086100000| Untracked |  0
|  68|0x0000000086200000, 0x0000000086200000, 0x0000000086300000|  0%| F|  |TAMS 0x0000000086200000| PB 0x0000000086200000| Untracked |  0
|  69|0x0000000086300000, 0x0000000086300000, 0x0000000086400000|  0%| F|  |TAMS 0x0000000086300000| PB 0x0000000086300000| Untracked |  0
|  70|0x0000000086400000, 0x0000000086400000, 0x0000000086500000|  0%| F|  |TAMS 0x0000000086400000| PB 0x0000000086400000| Untracked |  0
|  71|0x0000000086500000, 0x0000000086500000, 0x0000000086600000|  0%| F|  |TAMS 0x0000000086500000| PB 0x0000000086500000| Untracked |  0
|  72|0x0000000086600000, 0x0000000086600000, 0x0000000086700000|  0%| F|  |TAMS 0x0000000086600000| PB 0x0000000086600000| Untracked |  0
|  73|0x0000000086700000, 0x0000000086700000, 0x0000000086800000|  0%| F|  |TAMS 0x0000000086700000| PB 0x0000000086700000| Untracked |  0
|  74|0x0000000086800000, 0x0000000086800000, 0x0000000086900000|  0%| F|  |TAMS 0x0000000086800000| PB 0x0000000086800000| Untracked |  0
|  75|0x0000000086900000, 0x0000000086900000, 0x0000000086a00000|  0%| F|  |TAMS 0x0000000086900000| PB 0x0000000086900000| Untracked |  0
|  76|0x0000000086a00000, 0x0000000086a00000, 0x0000000086b00000|  0%| F|  |TAMS 0x0000000086a00000| PB 0x0000000086a00000| Untracked |  0
|  77|0x0000000086b00000, 0x0000000086b00000, 0x0000000086c00000|  0%| F|  |TAMS 0x0000000086b00000| PB 0x0000000086b00000| Untracked |  0
|  78|0x0000000086c00000, 0x0000000086c00000, 0x0000000086d00000|  0%| F|  |TAMS 0x0000000086c00000| PB 0x0000000086c00000| Untracked |  0
|  79|0x0000000086d00000, 0x0000000086d00000, 0x0000000086e00000|  0%| F|  |TAMS 0x0000000086d00000| PB 0x0000000086d00000| Untracked |  0
|  80|0x0000000086e00000, 0x0000000086e00000, 0x0000000086f00000|  0%| F|  |TAMS 0x0000000086e00000| PB 0x0000000086e00000| Untracked |  0
|  81|0x0000000086f00000, 0x0000000086f00000, 0x0000000087000000|  0%| F|  |TAMS 0x0000000086f00000| PB 0x0000000086f00000| Untracked |  0
|  82|0x0000000087000000, 0x0000000087000000, 0x0000000087100000|  0%| F|  |TAMS 0x0000000087000000| PB 0x0000000087000000| Untracked |  0
|  83|0x0000000087100000, 0x0000000087100000, 0x0000000087200000|  0%| F|  |TAMS 0x0000000087100000| PB 0x0000000087100000| Untracked |  0
|  84|0x0000000087200000, 0x0000000087200000, 0x0000000087300000|  0%| F|  |TAMS 0x0000000087200000| PB 0x0000000087200000| Untracked |  0
|  85|0x0000000087300000, 0x0000000087300000, 0x0000000087400000|  0%| F|  |TAMS 0x0000000087300000| PB 0x0000000087300000| Untracked |  0
|  86|0x0000000087400000, 0x0000000087400000, 0x0000000087500000|  0%| F|  |TAMS 0x0000000087400000| PB 0x0000000087400000| Untracked |  0
|  87|0x0000000087500000, 0x0000000087500000, 0x0000000087600000|  0%| F|  |TAMS 0x0000000087500000| PB 0x0000000087500000| Untracked |  0
|  88|0x0000000087600000, 0x0000000087600000, 0x0000000087700000|  0%| F|  |TAMS 0x0000000087600000| PB 0x0000000087600000| Untracked |  0
|  89|0x0000000087700000, 0x0000000087700000, 0x0000000087800000|  0%| F|  |TAMS 0x0000000087700000| PB 0x0000000087700000| Untracked |  0
|  90|0x0000000087800000, 0x0000000087800000, 0x0000000087900000|  0%| F|  |TAMS 0x0000000087800000| PB 0x0000000087800000| Untracked |  0
|  91|0x0000000087900000, 0x0000000087900000, 0x0000000087a00000|  0%| F|  |TAMS 0x0000000087900000| PB 0x0000000087900000| Untracked |  0
|  92|0x0000000087a00000, 0x0000000087a00000, 0x0000000087b00000|  0%| F|  |TAMS 0x0000000087a00000| PB 0x0000000087a00000| Untracked |  0
|  93|0x0000000087b00000, 0x0000000087b00000, 0x0000000087c00000|  0%| F|  |TAMS 0x0000000087b00000| PB 0x0000000087b00000| Untracked |  0
|  94|0x0000000087c00000, 0x0000000087c00000, 0x0000000087d00000|  0%| F|  |TAMS 0x0000000087c00000| PB 0x0000000087c00000| Untracked |  0
|  95|0x0000000087d00000, 0x0000000087d00000, 0x0000000087e00000|  0%| F|  |TAMS 0x0000000087d00000| PB 0x0000000087d00000| Untracked |  0
|  96|0x0000000087e00000, 0x0000000087e00000, 0x0000000087f00000|  0%| F|  |TAMS 0x0000000087e00000| PB 0x0000000087e00000| Untracked |  0
|  97|0x0000000087f00000, 0x0000000087f00000, 0x0000000088000000|  0%| F|  |TAMS 0x0000000087f00000| PB 0x0000000087f00000| Untracked |  0
|  98|0x0000000088000000, 0x0000000088000000, 0x0000000088100000|  0%| F|  |TAMS 0x0000000088000000| PB 0x0000000088000000| Untracked |  0
|  99|0x0000000088100000, 0x0000000088100000, 0x0000000088200000|  0%| F|  |TAMS 0x0000000088100000| PB 0x0000000088100000| Untracked |  0
| 100|0x0000000088200000, 0x0000000088200000, 0x0000000088300000|  0%| F|  |TAMS 0x0000000088200000| PB 0x0000000088200000| Untracked |  0
| 101|0x0000000088300000, 0x0000000088300000, 0x0000000088400000|  0%| F|  |TAMS 0x0000000088300000| PB 0x0000000088300000| Untracked |  0
| 102|0x0000000088400000, 0x0000000088400000, 0x0000000088500000|  0%| F|  |TAMS 0x0000000088400000| PB 0x0000000088400000| Untracked |  0
| 103|0x0000000088500000, 0x0000000088500000, 0x0000000088600000|  0%| F|  |TAMS 0x0000000088500000| PB 0x0000000088500000| Untracked |  0
| 104|0x0000000088600000, 0x0000000088600000, 0x0000000088700000|  0%| F|  |TAMS 0x0000000088600000| PB 0x0000000088600000| Untracked |  0
| 105|0x0000000088700000, 0x0000000088700000, 0x0000000088800000|  0%| F|  |TAMS 0x0000000088700000| PB 0x0000000088700000| Untracked |  0
| 106|0x0000000088800000, 0x0000000088800000, 0x0000000088900000|  0%| F|  |TAMS 0x0000000088800000| PB 0x0000000088800000| Untracked |  0
| 107|0x0000000088900000, 0x0000000088900000, 0x0000000088a00000|  0%| F|  |TAMS 0x0000000088900000| PB 0x0000000088900000| Untracked |  0
| 108|0x0000000088a00000, 0x0000000088a00000, 0x0000000088b00000|  0%| F|  |TAMS 0x0000000088a00000| PB 0x0000000088a00000| Untracked |  0
| 109|0x0000000088b00000, 0x0000000088b00000, 0x0000000088c00000|  0%| F|  |TAMS 0x0000000088b00000| PB 0x0000000088b00000| Untracked |  0
| 110|0x0000000088c00000, 0x0000000088c00000, 0x0000000088d00000|  0%| F|  |TAMS 0x0000000088c00000| PB 0x0000000088c00000| Untracked |  0
| 111|0x0000000088d00000, 0x0000000088d00000, 0x0000000088e00000|  0%| F|  |TAMS 0x0000000088d00000| PB 0x0000000088d00000| Untracked |  0
| 112|0x0000000088e00000, 0x0000000088e00000, 0x0000000088f00000|  0%| F|  |TAMS 0x0000000088e00000| PB 0x0000000088e00000| Untracked |  0
| 113|0x0000000088f00000, 0x0000000088f00000, 0x0000000089000000|  0%| F|  |TAMS 0x0000000088f00000| PB 0x0000000088f00000| Untracked |  0
| 114|0x0000000089000000, 0x0000000089000000, 0x0000000089100000|  0%| F|  |TAMS 0x0000000089000000| PB 0x0000000089000000| Untracked |  0
| 115|0x0000000089100000, 0x0000000089100000, 0x0000000089200000|  0%| F|  |TAMS 0x0000000089100000| PB 0x0000000089100000| Untracked |  0
| 116|0x0000000089200000, 0x0000000089200000, 0x0000000089300000|  0%| F|  |TAMS 0x0000000089200000| PB 0x0000000089200000| Untracked |  0
| 117|0x0000000089300000, 0x0000000089300000, 0x0000000089400000|  0%| F|  |TAMS 0x0000000089300000| PB 0x0000000089300000| Untracked |  0
| 118|0x0000000089400000, 0x0000000089493a58, 0x0000000089500000| 57%| E|  |TAMS 0x0000000089400000| PB 0x0000000089400000| Complete |  0
| 119|0x0000000089500000, 0x0000000089600000, 0x0000000089600000|100%| E|CS|TAMS 0x0000000089500000| PB 0x0000000089500000| Complete |  0
| 120|0x0000000089600000, 0x0000000089700000, 0x0000000089700000|100%| E|CS|TAMS 0x0000000089600000| PB 0x0000000089600000| Complete |  0
| 121|0x0000000089700000, 0x0000000089800000, 0x0000000089800000|100%| E|CS|TAMS 0x0000000089700000| PB 0x0000000089700000| Complete |  0
| 122|0x0000000089800000, 0x0000000089900000, 0x0000000089900000|100%| E|CS|TAMS 0x0000000089800000| PB 0x0000000089800000| Complete |  0
| 123|0x0000000089900000, 0x0000000089a00000, 0x0000000089a00000|100%| E|CS|TAMS 0x0000000089900000| PB 0x0000000089900000| Complete |  0
| 124|0x0000000089a00000, 0x0000000089b00000, 0x0000000089b00000|100%| E|CS|TAMS 0x0000000089a00000| PB 0x0000000089a00000| Complete |  0
| 125|0x0000000089b00000, 0x0000000089c00000, 0x0000000089c00000|100%| E|CS|TAMS 0x0000000089b00000| PB 0x0000000089b00000| Complete |  0
| 126|0x0000000089c00000, 0x0000000089d00000, 0x0000000089d00000|100%| E|CS|TAMS 0x0000000089c00000| PB 0x0000000089c00000| Complete |  0
| 127|0x0000000089d00000, 0x0000000089e00000, 0x0000000089e00000|100%| E|CS|TAMS 0x0000000089d00000| PB 0x0000000089d00000| Complete |  0

Card table byte_map: [0x000001f6d3140000,0x000001f6d3540000] _byte_map_base: 0x000001f6d2d31000

Marking Bits: (CMBitMap*) 0x000001f6b9735b30
 Bits: [0x000001f6d3540000, 0x000001f6d54c8000)

Polling page: 0x000001f6b9540000

Metaspace:

Usage:
  Non-class:      6.97 MB used.
      Class:    977.04 KB used.
       Both:      7.93 MB used.

Virtual space:
  Non-class space:       64.00 MB reserved,       7.06 MB ( 11%) committed,  1 nodes.
      Class space:        1.00 GB reserved,       1.00 MB ( <1%) committed,  1 nodes.
             Both:        1.06 GB reserved,       8.06 MB ( <1%) committed. 

Chunk freelists:
   Non-Class:  8.67 MB
       Class:  15.00 MB
        Both:  23.68 MB

MaxMetaspaceSize: unlimited
CompressedClassSpaceSize: 1.00 GB
Initial GC threshold: 21.00 MB
Current GC threshold: 21.00 MB
CDS: on
 - commit_granule_bytes: 65536.
 - commit_granule_words: 8192.
 - virtual_space_node_default_size: 8388608.
 - enlarge_chunks_in_place: 1.
 - use_allocation_guard: 0.


Internal statistics:

num_allocs_failed_limit: 0.
num_arena_births: 142.
num_arena_deaths: 0.
num_vsnodes_births: 2.
num_vsnodes_deaths: 0.
num_space_committed: 129.
num_space_uncommitted: 0.
num_chunks_returned_to_freelist: 0.
num_chunks_taken_from_freelist: 204.
num_chunk_merges: 0.
num_chunk_splits: 122.
num_chunks_enlarged: 55.
num_inconsistent_stats: 0.

CodeHeap 'non-profiled nmethods': size=120064Kb used=295Kb max_used=295Kb free=119768Kb
 bounds [0x000001f6cb1d0000, 0x000001f6cb440000, 0x000001f6d2710000]
CodeHeap 'profiled nmethods': size=120000Kb used=1206Kb max_used=1206Kb free=118793Kb
 bounds [0x000001f6c3710000, 0x000001f6c3980000, 0x000001f6cac40000]
CodeHeap 'non-nmethods': size=5696Kb used=1480Kb max_used=1497Kb free=4215Kb
 bounds [0x000001f6cac40000, 0x000001f6caeb0000, 0x000001f6cb1d0000]
CodeCache: size=245760Kb, used=2981Kb, max_used=2998Kb, free=242776Kb
 total_blobs=1569, nmethods=995, adapters=480, full_count=0
Compilation: enabled, stopped_count=0, restarted_count=0

Compilation events (20 events):
Event: 0.874 Thread 0x000001f6d7b35d40  957       3       java.util.concurrent.ConcurrentHashMap::put (8 bytes)
Event: 0.874 Thread 0x000001f6d7b35d40 nmethod 957 0x000001f6c3831c88 code [0x000001f6c3831da0, 0x000001f6c3831ee0]
Event: 0.874 Thread 0x000001f6d7b35d40  958  s    3       java.util.Properties::put (10 bytes)
Event: 0.874 Thread 0x000001f6d7b35d40 nmethod 958 0x000001f6c3831f88 code [0x000001f6c38320c0, 0x000001f6c38323d8]
Event: 0.874 Thread 0x000001f6d7d02410  959       4       java.util.Properties::loadConvert (540 bytes)
Event: 0.874 Thread 0x000001f6d7b0b5a0  960       4       java.lang.AbstractStringBuilder::ensureCapacityInternal (39 bytes)
Event: 0.876 Thread 0x000001f6d7b35d40  961       3       java.util.concurrent.ConcurrentHashMap$Node::<init> (14 bytes)
Event: 0.876 Thread 0x000001f6d7b35d40 nmethod 961 0x000001f6c3832408 code [0x000001f6c3832540, 0x000001f6c3832828]
Event: 0.879 Thread 0x000001f6d7b0b5a0 nmethod 960 0x000001f6cb215c08 code [0x000001f6cb215d40, 0x000001f6cb216288]
Event: 0.879 Thread 0x000001f6d7b0b5a0  962       4       java.lang.StringUTF16::compress (47 bytes)
Event: 0.886 Thread 0x000001f6d7b0b5a0 nmethod 962 0x000001f6cb216308 code [0x000001f6cb216400, 0x000001f6cb216660]
Event: 0.886 Thread 0x000001f6d7b0b5a0  963       4       jdk.internal.util.Preconditions::checkFromToIndex (24 bytes)
Event: 0.886 Thread 0x000001f6d7b0b5a0 nmethod 963 0x000001f6cb216688 code [0x000001f6cb216780, 0x000001f6cb216868]
Event: 0.886 Thread 0x000001f6d7b0b5a0  964       4       java.lang.StringLatin1::canEncode (13 bytes)
Event: 0.887 Thread 0x000001f6d7b0b5a0 nmethod 964 0x000001f6cb216988 code [0x000001f6cb216a80, 0x000001f6cb216b08]
Event: 0.887 Thread 0x000001f6d7b0b5a0  965 %     4       java.util.Properties$LineReader::readLine @ 53 (584 bytes)
Event: 0.888 Thread 0x000001f6d7b35d40  966 %     3       java.lang.StringLatin1::inflate @ 3 (34 bytes)
Event: 0.888 Thread 0x000001f6d7b35d40 nmethod 966% 0x000001f6c3832888 code [0x000001f6c38329c0, 0x000001f6c3832c88]
Event: 0.888 Thread 0x000001f6d7b35d40  967       3       java.lang.StringLatin1::inflate (34 bytes)
Event: 0.888 Thread 0x000001f6d7b35d40 nmethod 967 0x000001f6c3832d08 code [0x000001f6c3832e40, 0x000001f6c3833040]

GC Heap History (0 events):
No events

Dll operation events (7 events):
Event: 0.011 Loaded shared library C:\Program Files\Java\jdk-23\bin\java.dll
Event: 0.074 Loaded shared library C:\Program Files\Java\jdk-23\bin\jsvml.dll
Event: 0.136 Loaded shared library C:\Program Files\Java\jdk-23\bin\net.dll
Event: 0.139 Loaded shared library C:\Program Files\Java\jdk-23\bin\nio.dll
Event: 0.152 Loaded shared library C:\Program Files\Java\jdk-23\bin\zip.dll
Event: 0.308 Loaded shared library C:\Program Files\Java\jdk-23\bin\jimage.dll
Event: 0.364 Loaded shared library C:\Program Files\Java\jdk-23\bin\awt.dll

Deoptimization events (20 events):
Event: 0.563 Thread 0x000001f6b95deed0 Uncommon trap: trap_request=0xffffffc6 fr.pc=0x000001f6cb1ed168 relative=0x0000000000000be8
Event: 0.563 Thread 0x000001f6b95deed0 Uncommon trap: reason=bimorphic_or_optimized_type_check action=maybe_recompile pc=0x000001f6cb1ed168 method=java.util.HashMap.putVal(ILjava/lang/Object;Ljava/lang/Object;ZZ)Ljava/lang/Object; @ 152 c2
Event: 0.563 Thread 0x000001f6b95deed0 DEOPT PACKING pc=0x000001f6cb1ed168 sp=0x000000ae4a6fec90
Event: 0.563 Thread 0x000001f6b95deed0 DEOPT UNPACKING pc=0x000001f6cac94402 sp=0x000000ae4a6fec50 mode 2
Event: 0.563 Thread 0x000001f6b95deed0 Uncommon trap: trap_request=0xffffffc6 fr.pc=0x000001f6cb1ed0ec relative=0x0000000000000b6c
Event: 0.563 Thread 0x000001f6b95deed0 Uncommon trap: reason=bimorphic_or_optimized_type_check action=maybe_recompile pc=0x000001f6cb1ed0ec method=java.util.HashMap.putVal(ILjava/lang/Object;Ljava/lang/Object;ZZ)Ljava/lang/Object; @ 56 c2
Event: 0.563 Thread 0x000001f6b95deed0 DEOPT PACKING pc=0x000001f6cb1ed0ec sp=0x000000ae4a6fec90
Event: 0.563 Thread 0x000001f6b95deed0 DEOPT UNPACKING pc=0x000001f6cac94402 sp=0x000000ae4a6fec48 mode 2
Event: 0.577 Thread 0x000001f6b95deed0 Uncommon trap: trap_request=0xffffff45 fr.pc=0x000001f6cb1e9f2c relative=0x00000000000000ac
Event: 0.577 Thread 0x000001f6b95deed0 Uncommon trap: reason=unstable_if action=reinterpret pc=0x000001f6cb1e9f2c method=java.util.HashMap.hash(Ljava/lang/Object;)I @ 1 c2
Event: 0.577 Thread 0x000001f6b95deed0 DEOPT PACKING pc=0x000001f6cb1e9f2c sp=0x000000ae4a6fee20
Event: 0.577 Thread 0x000001f6b95deed0 DEOPT UNPACKING pc=0x000001f6cac94402 sp=0x000000ae4a6fedb8 mode 2
Event: 0.605 Thread 0x000001f6b95deed0 Uncommon trap: trap_request=0xffffff45 fr.pc=0x000001f6cb205150 relative=0x0000000000000b10
Event: 0.605 Thread 0x000001f6b95deed0 Uncommon trap: reason=unstable_if action=reinterpret pc=0x000001f6cb205150 method=java.util.HashMap.hash(Ljava/lang/Object;)I @ 1 c2
Event: 0.605 Thread 0x000001f6b95deed0 DEOPT PACKING pc=0x000001f6cb205150 sp=0x000000ae4a6fedb0
Event: 0.605 Thread 0x000001f6b95deed0 DEOPT UNPACKING pc=0x000001f6cac94402 sp=0x000000ae4a6fed50 mode 2
Event: 0.817 Thread 0x000001f6b95deed0 Uncommon trap: trap_request=0xffffff45 fr.pc=0x000001f6cb1e1888 relative=0x0000000000000088
Event: 0.817 Thread 0x000001f6b95deed0 Uncommon trap: reason=unstable_if action=reinterpret pc=0x000001f6cb1e1888 method=java.lang.CharacterDataLatin1.isJavaIdentifierPart(I)Z @ 11 c2
Event: 0.817 Thread 0x000001f6b95deed0 DEOPT PACKING pc=0x000001f6cb1e1888 sp=0x000000ae4a6feb70
Event: 0.817 Thread 0x000001f6b95deed0 DEOPT UNPACKING pc=0x000001f6cac94402 sp=0x000000ae4a6feae8 mode 2

Classes loaded (20 events):
Event: 0.825 Loading class java/util/regex/Pattern$Neg
Event: 0.825 Loading class java/util/regex/Pattern$Neg done
Event: 0.829 Loading class java/nio/charset/UnsupportedCharsetException
Event: 0.829 Loading class java/nio/charset/UnsupportedCharsetException done
Event: 0.830 Loading class java/net/URLDecoder
Event: 0.830 Loading class java/net/URLDecoder done
Event: 0.852 Loading class java/lang/InstantiationException
Event: 0.852 Loading class java/lang/InstantiationException done
Event: 0.852 Loading class java/lang/reflect/InvocationTargetException
Event: 0.852 Loading class java/lang/reflect/InvocationTargetException done
Event: 0.853 Loading class java/io/StringWriter
Event: 0.853 Loading class java/io/StringWriter done
Event: 0.854 Loading class java/util/MissingResourceException
Event: 0.855 Loading class java/util/MissingResourceException done
Event: 0.856 Loading class java/util/PropertyResourceBundle
Event: 0.856 Loading class java/util/PropertyResourceBundle done
Event: 0.857 Loading class sun/util/PropertyResourceBundleCharset
Event: 0.857 Loading class sun/util/PropertyResourceBundleCharset done
Event: 0.857 Loading class sun/util/PropertyResourceBundleCharset$PropertiesFileDecoder
Event: 0.857 Loading class sun/util/PropertyResourceBundleCharset$PropertiesFileDecoder done

Classes unloaded (0 events):
No events

Classes redefined (0 events):
No events

Internal exceptions (15 events):
Event: 0.245 Thread 0x000001f6b95deed0 Exception <a 'java/lang/NoSuchMethodError'{0x0000000089bafd00}: 'void java.lang.invoke.DirectMethodHandle$Holder.invokeSpecial(java.lang.Object, java.lang.Object, java.lang.Object)'> (0x0000000089bafd00) 
thrown [s\open\src\hotspot\share\interpreter\linkResolver.cpp, line 796]
Event: 0.251 Thread 0x000001f6b95deed0 Exception <a 'java/lang/NoSuchMethodError'{0x0000000089bc1f60}: 'void java.lang.invoke.DirectMethodHandle$Holder.invokeSpecial(java.lang.Object, java.lang.Object, java.lang.Object, java.lang.Object, java.lang.Object)'> (0x0000000089bc1f60) 
thrown [s\open\src\hotspot\share\interpreter\linkResolver.cpp, line 796]
Event: 0.256 Thread 0x000001f6b95deed0 Exception <a 'java/lang/NoSuchMethodError'{0x0000000089bd11b0}: 'java.lang.Object java.lang.invoke.DirectMethodHandle$Holder.invokeInterface(java.lang.Object, java.lang.Object)'> (0x0000000089bd11b0) 
thrown [s\open\src\hotspot\share\interpreter\linkResolver.cpp, line 796]
Event: 0.257 Thread 0x000001f6b95deed0 Exception <a 'java/lang/IncompatibleClassChangeError'{0x0000000089bd4440}: Found class java.lang.Object, but interface was expected> (0x0000000089bd4440) 
thrown [s\open\src\hotspot\share\interpreter\linkResolver.cpp, line 863]
Event: 0.258 Thread 0x000001f6b95deed0 Exception <a 'java/lang/NoSuchMethodError'{0x0000000089bd7258}: 'void java.lang.invoke.DirectMethodHandle$Holder.invokeStatic(java.lang.Object, java.lang.Object, java.lang.Object, java.lang.Object)'> (0x0000000089bd7258) 
thrown [s\open\src\hotspot\share\interpreter\linkResolver.cpp, line 796]
Event: 0.347 Thread 0x000001f6b95deed0 Exception <a 'java/lang/ClassNotFoundException'{0x0000000089ab04c8}: sun/awt/resources/spi/awtProvider> (0x0000000089ab04c8) 
thrown [s\open\src\hotspot\share\classfile\systemDictionary.cpp, line 313]
Event: 0.382 Thread 0x000001f6b95deed0 Exception <a 'java/io/FileNotFoundException'{0x0000000089902918}> (0x0000000089902918) 
thrown [s\open\src\hotspot\share\prims\jni.cpp, line 520]
Event: 0.398 Thread 0x000001f6b95deed0 Exception <a 'java/io/FileNotFoundException'{0x0000000089930d90}> (0x0000000089930d90) 
thrown [s\open\src\hotspot\share\prims\jni.cpp, line 520]
Event: 0.531 Thread 0x000001f6b95deed0 Exception <a 'java/lang/NoSuchMethodError'{0x0000000089885830}: 'java.lang.Object java.lang.invoke.DirectMethodHandle$Holder.invokeStatic(java.lang.Object, int, java.lang.Object)'> (0x0000000089885830) 
thrown [s\open\src\hotspot\share\interpreter\linkResolver.cpp, line 796]
Event: 0.561 Thread 0x000001f6b95deed0 Exception <a 'java/lang/ClassNotFoundException'{0x000000008972be68}: com/sun/swing/internal/plaf/metal/resources/spi/metalProvider> (0x000000008972be68) 
thrown [s\open\src\hotspot\share\classfile\systemDictionary.cpp, line 313]
Event: 0.564 Thread 0x000001f6b95deed0 Exception <a 'java/lang/ClassNotFoundException'{0x000000008972fe48}: com/sun/swing/internal/plaf/basic/resources/spi/basicProvider> (0x000000008972fe48) 
thrown [s\open\src\hotspot\share\classfile\systemDictionary.cpp, line 313]
Event: 0.577 Thread 0x000001f6b95deed0 Implicit null exception at 0x000001f6cb1e9e9d to 0x000001f6cb1e9f1d
Event: 0.585 Thread 0x000001f6b95deed0 Exception <a 'java/lang/NoSuchMethodError'{0x000000008974fec0}: 'int java.lang.invoke.Invokers$Holder.invokeExact_MT(java.lang.Object, java.lang.Object)'> (0x000000008974fec0) 
thrown [s\open\src\hotspot\share\interpreter\linkResolver.cpp, line 796]
Event: 0.605 Thread 0x000001f6b95deed0 Implicit null exception at 0x000001f6cb20467d to 0x000001f6cb205134
Event: 0.800 Thread 0x000001f6b95deed0 Exception <a 'java/lang/NoSuchMethodError'{0x000000008967f820}: 'void java.lang.invoke.DirectMethodHandle$Holder.invokeStatic(java.lang.Object, java.lang.Object)'> (0x000000008967f820) 
thrown [s\open\src\hotspot\share\interpreter\linkResolver.cpp, line 796]

VM Operations (12 events):
Event: 0.154 Executing VM operation: HandshakeAllThreads (Deoptimize)
Event: 0.154 Executing VM operation: HandshakeAllThreads (Deoptimize) done
Event: 0.253 Executing VM operation: HandshakeAllThreads (Deoptimize)
Event: 0.253 Executing VM operation: HandshakeAllThreads (Deoptimize) done
Event: 0.410 Executing VM operation: HandshakeAllThreads (Deoptimize)
Event: 0.410 Executing VM operation: HandshakeAllThreads (Deoptimize) done
Event: 0.619 Executing VM operation: HandshakeAllThreads (Deoptimize)
Event: 0.619 Executing VM operation: HandshakeAllThreads (Deoptimize) done
Event: 0.816 Executing VM operation: HandshakeAllThreads (Deoptimize)
Event: 0.816 Executing VM operation: HandshakeAllThreads (Deoptimize) done
Event: 0.822 Executing VM operation: HandshakeAllThreads (Deoptimize)
Event: 0.822 Executing VM operation: HandshakeAllThreads (Deoptimize) done

Memory protections (0 events):
No events

Nmethod flushes (0 events):
No events

Events (17 events):
Event: 0.036 Thread 0x000001f6b95deed0 Thread added: 0x000001f6b95deed0
Event: 0.070 Thread 0x000001f6b95deed0 Thread added: 0x000001f6d7b00ce0
Event: 0.070 Thread 0x000001f6b95deed0 Thread added: 0x000001f6d7b04a20
Event: 0.071 Thread 0x000001f6b95deed0 Thread added: 0x000001f6d7b088f0
Event: 0.071 Thread 0x000001f6b95deed0 Thread added: 0x000001f6d7b09350
Event: 0.071 Thread 0x000001f6b95deed0 Thread added: 0x000001f6d7b09db0
Event: 0.071 Thread 0x000001f6b95deed0 Thread added: 0x000001f6d7b0a810
Event: 0.071 Thread 0x000001f6b95deed0 Thread added: 0x000001f6d7b0b5a0
Event: 0.072 Thread 0x000001f6b95deed0 Thread added: 0x000001f6d7b35d40
Event: 0.112 Thread 0x000001f6b95deed0 Thread added: 0x000001f6d7c1f350
Event: 0.270 Thread 0x000001f6d7b35d40 Thread added: 0x000001f6d7d02410
Event: 0.285 Thread 0x000001f6b95deed0 Thread added: 0x000001f6d7d880b0
Event: 0.459 Thread 0x000001f6b95deed0 Thread added: 0x000001f6d7ef03c0
Event: 0.462 Thread 0x000001f6b95deed0 Thread added: 0x000001f6d7efdde0
Event: 0.464 Thread 0x000001f6b95deed0 Thread added: 0x000001f6d7efef90
Event: 0.732 Thread 0x000001f6b95deed0 Thread added: 0x000001f71d2977a0
Event: 0.801 Thread 0x000001f6b95deed0 Thread added: 0x000001f71d2e5a70


Dynamic libraries:
0x00007ff7efda0000 - 0x00007ff7efdb0000 	C:\Program Files\Java\jdk-23\bin\javaw.exe
0x00007ffead490000 - 0x00007ffead688000 	C:\Windows\SYSTEM32\ntdll.dll
0x00007ffeabc40000 - 0x00007ffeabd02000 	C:\Windows\System32\KERNEL32.DLL
0x00007ffeaabe0000 - 0x00007ffeaaede000 	C:\Windows\System32\KERNELBASE.dll
0x00007ffeab2a0000 - 0x00007ffeab3a0000 	C:\Windows\System32\ucrtbase.dll
0x00007ffea0d60000 - 0x00007ffea0d7b000 	C:\Program Files\Java\jdk-23\bin\VCRUNTIME140.dll
0x00007ffea5650000 - 0x00007ffea5667000 	C:\Program Files\Java\jdk-23\bin\jli.dll
0x00007ffeacd20000 - 0x00007ffeacebd000 	C:\Windows\System32\USER32.dll
0x00007ffeaaee0000 - 0x00007ffeaaf02000 	C:\Windows\System32\win32u.dll
0x00007ffe9df40000 - 0x00007ffe9e1da000 	C:\Windows\WinSxS\amd64_microsoft.windows.common-controls_6595b64144ccf1df_6.0.19041.4355_none_60b8b9eb71f62e16\COMCTL32.dll
0x00007ffeabf50000 - 0x00007ffeabf7b000 	C:\Windows\System32\GDI32.dll
0x00007ffeabb00000 - 0x00007ffeabb9e000 	C:\Windows\System32\msvcrt.dll
0x00007ffeaaf10000 - 0x00007ffeab027000 	C:\Windows\System32\gdi32full.dll
0x00007ffeab410000 - 0x00007ffeab4ad000 	C:\Windows\System32\msvcp_win.dll
0x00007ffeac440000 - 0x00007ffeac46f000 	C:\Windows\System32\IMM32.DLL
0x00007ffea5c90000 - 0x00007ffea5c9c000 	C:\Program Files\Java\jdk-23\bin\vcruntime140_1.dll
0x00007ffe75270000 - 0x00007ffe752fe000 	C:\Program Files\Java\jdk-23\bin\msvcp140.dll
0x00007ffe41260000 - 0x00007ffe41faf000 	C:\Program Files\Java\jdk-23\bin\server\jvm.dll
0x00007ffeab910000 - 0x00007ffeab9c2000 	C:\Windows\System32\ADVAPI32.dll
0x00007ffeab810000 - 0x00007ffeab8b0000 	C:\Windows\System32\sechost.dll
0x00007ffeac060000 - 0x00007ffeac183000 	C:\Windows\System32\RPCRT4.dll
0x00007ffeab270000 - 0x00007ffeab297000 	C:\Windows\System32\bcrypt.dll
0x00007ffeaccb0000 - 0x00007ffeacd1b000 	C:\Windows\System32\WS2_32.dll
0x00007ffeaa270000 - 0x00007ffeaa2bb000 	C:\Windows\SYSTEM32\POWRPROF.dll
0x00007ffe9f730000 - 0x00007ffe9f757000 	C:\Windows\SYSTEM32\WINMM.dll
0x00007ffea2e80000 - 0x00007ffea2e8a000 	C:\Windows\SYSTEM32\VERSION.dll
0x00007ffeaa1c0000 - 0x00007ffeaa1d2000 	C:\Windows\SYSTEM32\UMPDC.dll
0x00007ffea89b0000 - 0x00007ffea89c2000 	C:\Windows\SYSTEM32\kernel.appcore.dll
0x00007ffea4020000 - 0x00007ffea402a000 	C:\Program Files\Java\jdk-23\bin\jimage.dll
0x00007ffe98250000 - 0x00007ffe98434000 	C:\Windows\SYSTEM32\DBGHELP.DLL
0x00007ffe97a90000 - 0x00007ffe97ac4000 	C:\Windows\SYSTEM32\dbgcore.DLL
0x00007ffeab030000 - 0x00007ffeab0b2000 	C:\Windows\System32\bcryptPrimitives.dll
0x00007ffea0b00000 - 0x00007ffea0b1e000 	C:\Program Files\Java\jdk-23\bin\java.dll
0x00007ffeab9d0000 - 0x00007ffeabafb000 	C:\Windows\System32\ole32.dll
0x00007ffeab4b0000 - 0x00007ffeab803000 	C:\Windows\System32\combase.dll
0x00007ffeac470000 - 0x00007ffeacbdf000 	C:\Windows\System32\SHELL32.dll
0x00007ffea8bb0000 - 0x00007ffea9354000 	C:\Windows\SYSTEM32\windows.storage.dll
0x00007ffeaa560000 - 0x00007ffeaa58e000 	C:\Windows\SYSTEM32\Wldp.dll
0x00007ffeacbe0000 - 0x00007ffeaccad000 	C:\Windows\System32\OLEAUT32.dll
0x00007ffeabe90000 - 0x00007ffeabf3d000 	C:\Windows\System32\SHCORE.dll
0x00007ffeabd10000 - 0x00007ffeabd65000 	C:\Windows\System32\shlwapi.dll
0x00007ffeaaa60000 - 0x00007ffeaaa84000 	C:\Windows\SYSTEM32\profapi.dll
0x00007ffe75190000 - 0x00007ffe75267000 	C:\Program Files\Java\jdk-23\bin\jsvml.dll
0x00007ffea3320000 - 0x00007ffea3330000 	C:\Program Files\Java\jdk-23\bin\net.dll
0x00007ffeaa2c0000 - 0x00007ffeaa32a000 	C:\Windows\system32\mswsock.dll
0x00007ffe88ca0000 - 0x00007ffe88cb6000 	C:\Program Files\Java\jdk-23\bin\nio.dll
0x00007ffe82b00000 - 0x00007ffe82b17000 	C:\Program Files\Java\jdk-23\bin\zip.dll
0x00007ffe75320000 - 0x00007ffe754ae000 	C:\Program Files\Java\jdk-23\bin\awt.dll
0x00007ffea7fb0000 - 0x00007ffea8044000 	C:\Windows\SYSTEM32\apphelp.dll
0x00007ffea87d0000 - 0x00007ffea87ff000 	C:\Windows\system32\DWMAPI.DLL
0x00007ffea84c0000 - 0x00007ffea855e000 	C:\Windows\system32\uxtheme.dll
0x00007ffe81d50000 - 0x00007ffe81e78000 	C:\Windows\system32\opengl32.dll
0x00007ffe81ce0000 - 0x00007ffe81d0c000 	C:\Windows\SYSTEM32\GLU32.dll
0x00007ffead330000 - 0x00007ffead445000 	C:\Windows\System32\MSCTF.dll

dbghelp: loaded successfully - version: 4.0.5 - missing functions: none
symbol engine: initialized successfully - sym options: 0x614 - pdb path: .;C:\Program Files\Java\jdk-23\bin;C:\Windows\SYSTEM32;C:\Windows\WinSxS\amd64_microsoft.windows.common-controls_6595b64144ccf1df_6.0.19041.4355_none_60b8b9eb71f62e16;C:\Program Files\Java\jdk-23\bin\server

VM Arguments:
jvm_args: -Dfile.encoding=UTF-8 -Dstdout.encoding=UTF-8 -Dstderr.encoding=UTF-8 --module-path=C:\mysql-connector-j-9.1.0.jar -XX:+ShowCodeDetailsInExceptionMessages 
java_command: Main.Main
java_class_path (initial): C:\Users\Hp\Desktop\Prog.eclipse\GC\bin
Launcher Type: SUN_STANDARD

[Global flags]
     intx CICompilerCount                          = 3                                         {product} {ergonomic}
     uint ConcGCThreads                            = 1                                         {product} {ergonomic}
     uint G1ConcRefinementThreads                  = 4                                         {product} {ergonomic}
   size_t G1HeapRegionSize                         = 1048576                                   {product} {ergonomic}
   size_t InitialHeapSize                          = 134217728                                 {product} {ergonomic}
   size_t MarkStackSize                            = 4194304                                   {product} {ergonomic}
   size_t MarkStackSizeMax                         = 536870912                                 {product} {ergonomic}
   size_t MaxHeapSize                              = 2116026368                                {product} {ergonomic}
   size_t MaxNewSize                               = 1268776960                                {product} {ergonomic}
   size_t MinHeapDeltaBytes                        = 1048576                                   {product} {ergonomic}
   size_t MinHeapSize                              = 8388608                                   {product} {ergonomic}
    uintx NonNMethodCodeHeapSize                   = 5832704                                {pd product} {ergonomic}
    uintx NonProfiledCodeHeapSize                  = 122945536                              {pd product} {ergonomic}
    uintx ProfiledCodeHeapSize                     = 122880000                              {pd product} {ergonomic}
    uintx ReservedCodeCacheSize                    = 251658240                              {pd product} {ergonomic}
     bool SegmentedCodeCache                       = true                                      {product} {ergonomic}
     bool ShowCodeDetailsInExceptionMessages       = true                                   {manageable} {command line}
   size_t SoftMaxHeapSize                          = 2116026368                             {manageable} {ergonomic}
     bool UseCompressedOops                        = true                           {product lp64_product} {ergonomic}
     bool UseG1GC                                  = true                                      {product} {ergonomic}
     bool UseLargePagesIndividualAllocation        = false                                  {pd product} {ergonomic}

Logging:
Log output configuration:
 #0: stdout all=warning uptime,level,tags foldmultilines=false
 #1: stderr all=off uptime,level,tags foldmultilines=false

Environment Variables:
PATH=C:\Program Files\Common Files\Oracle\Java\javapath;C:\Windows\system32;C:\Windows;C:\Windows\System32\Wbem;C:\Windows\System32\WindowsPowerShell\v1.0\;C:\Windows\System32\OpenSSH\;C:\Program Files (x86)\dotnet\;C:\wamp64\bin\php\php7.4.33;C:\composer;C:\xampp\php;C:\Program Files\Git\cmd;C:\Users\Hp\AppData\Local\Programs\Python\Python312\Scripts\;C:\Users\Hp\AppData\Local\Programs\Python\Python312\;C:\Users\Hp\AppData\Local\Programs\Python\Python312-32\Scripts\;C:\Users\Hp\AppData\Local\Programs\Python\Python312-32\;C:\Users\Hp\AppData\Local\Programs\Python\Launcher\;C:\Users\Hp\AppData\Local\Microsoft\WindowsApps;C:\Users\Hp\AppData\Local\Programs\Microsoft VS Code\bin;C:\Users\Hp\AppData\Roaming\Composer\vendor\bin;C:\xampp\php;C:\xampp30\php;C:\Users\ Files\nodejs\;C:\Users\Hp\AppData\Local\Programs\MiKTeX\miktex\bin\x64\
USERNAME=Hp
OS=Windows_NT
PROCESSOR_IDENTIFIER=Intel64 Family 6 Model 61 Stepping 4, GenuineIntel
TMP=C:\Users\Hp\AppData\Local\Temp
TEMP=C:\Users\Hp\AppData\Local\Temp




Periodic native trim disabled

---------------  S Y S T E M  ---------------

OS:
 Windows 10 , 64 bit Build 19041 (10.0.19041.4957)
OS uptime: 14 days 5:01 hours

CPU: total 4 (initial active 4) (2 cores per cpu, 2 threads per core) family 6 model 61 stepping 4 microcode 0x2d, cx8, cmov, fxsr, ht, mmx, 3dnowpref, sse, sse2, sse3, ssse3, sse4.1, sse4.2, popcnt, lzcnt, tsc, tscinvbit, avx, avx2, aes, erms, clmul, bmi1, bmi2, rtm, adx, fma, vzeroupper, clflush, rdtscp, f16c
Processor Information for the first 4 processors :
  Max Mhz: 2601, Current Mhz: 2601, Mhz Limit: 2601

Memory: 4k page, system-wide physical 8067M (992M free)
TotalPageFile size 23441M (AvailPageFile size 1M)
current process WorkingSet (physical memory assigned to process): 64M, peak: 64M
current process commit charge ("private bytes"): 217M, peak: 217M

vm_info: Java HotSpot(TM) 64-Bit Server VM (23+37-2369) for windows-amd64 JRE (23+37-2369), built on 2024-08-20T16:01:23Z with MS VC++ 17.6 (VS2022)

END.
