#
# There is insufficient memory for the Java Runtime Environment to continue.
# Native memory allocation (mmap) failed to map 134217728 bytes. Error detail: G1 virtual space
# Possible reasons:
#   The system is out of physical RAM or swap space
#   This process is running with CompressedOops enabled, and the Java Heap may be blocking the growth of the native heap
# Possible solutions:
#   Reduce memory load on the system
#   Increase physical memory or swap space
#   Check if swap backing store is full
#   Decrease Java heap size (-Xmx/-Xms)
#   Decrease number of Java threads
#   Decrease Java thread stack sizes (-Xss)
#   Set larger code cache with -XX:ReservedCodeCacheSize=
#   JVM is running with Unscaled Compressed Oops mode in which the Java heap is
#     placed in the first 4GB address space. The Java Heap base address is the
#     maximum limit for the native heap growth. Please use -XX:HeapBaseMinAddress
#     to set the Java Heap base and to place the Java Heap above 4GB virtual address.
# This output file may be truncated or incomplete.
#
#  Out of Memory Error (os_windows.cpp:3703), pid=12876, tid=25948
#
# JRE version:  (23.0+37) (build )
# Java VM: Java HotSpot(TM) 64-Bit Server VM (23+37-2369, mixed mode, sharing, tiered, compressed oops, compressed class ptrs, g1 gc, windows-amd64)
# No core dump will be written. Minidumps are not enabled by default on client versions of Windows
#

---------------  S U M M A R Y ------------

Command Line: -Dfile.encoding=UTF-8 -Dstdout.encoding=UTF-8 -Dstderr.encoding=UTF-8 --module-path=C:\mysql-connector-j-9.1.0.jar -XX:+ShowCodeDetailsInExceptionMessages Main.Main

Host: Intel(R) Core(TM) i7-5600U CPU @ 2.60GHz, 4 cores, 7G,  Windows 10 , 64 bit Build 19041 (10.0.19041.4957)
Time: Wed Dec 25 17:18:29 2024 Paris, Madrid elapsed time: 0.026079 seconds (0d 0h 0m 0s)

---------------  T H R E A D  ---------------

Current thread (0x0000029b2a1830f0):  JavaThread "Unknown thread" [_thread_in_vm, id=25948, stack(0x000000f8edc00000,0x000000f8edd00000) (1024K)]

Stack: [0x000000f8edc00000,0x000000f8edd00000]
Native frames: (J=compiled Java code, j=interpreted, Vv=VM code, C=native code)
V  [jvm.dll+0x6e08a9]  (no source info available)
V  [jvm.dll+0x87da63]  (no source info available)
V  [jvm.dll+0x87feee]  (no source info available)
V  [jvm.dll+0x8805c3]  (no source info available)
V  [jvm.dll+0x27aee6]  (no source info available)
V  [jvm.dll+0x6dd1b5]  (no source info available)
V  [jvm.dll+0x6d103a]  (no source info available)
V  [jvm.dll+0x35b3ea]  (no source info available)
V  [jvm.dll+0x3637f6]  (no source info available)
V  [jvm.dll+0x34fd5e]  (no source info available)
V  [jvm.dll+0x34fff8]  (no source info available)
V  [jvm.dll+0x3289cc]  (no source info available)
V  [jvm.dll+0x32966e]  (no source info available)
V  [jvm.dll+0x8442e5]  (no source info available)
V  [jvm.dll+0x3b9848]  (no source info available)
V  [jvm.dll+0x82d0dc]  (no source info available)
V  [jvm.dll+0x454d4e]  (no source info available)
V  [jvm.dll+0x456bd1]  (no source info available)
C  [jli.dll+0x52a3]  (no source info available)
C  [ucrtbase.dll+0x21bb2]  (no source info available)
C  [KERNEL32.DLL+0x17374]  (no source info available)
C  [ntdll.dll+0x4cc91]  (no source info available)

Lock stack of current Java thread (top to bottom):


---------------  P R O C E S S  ---------------

Threads class SMR info:
_java_thread_list=0x00007ffe51373618, length=0, elements={
}

Java Threads: ( => current thread )
Total: 0

Other Threads:
  0x0000029b2a1d9da0 WorkerThread "GC Thread#0"                     [id=25672, stack(0x000000f8edd00000,0x000000f8ede00000) (1024K)]
  0x0000029b2a1ee840 ConcurrentGCThread "G1 Main Marker"            [id=16540, stack(0x000000f8ede00000,0x000000f8edf00000) (1024K)]
  0x0000029b2a1efba0 WorkerThread "G1 Conc#0"                       [id=12860, stack(0x000000f8edf00000,0x000000f8ee000000) (1024K)]

[error occurred during error reporting (printing all threads), id 0xc0000005, EXCEPTION_ACCESS_VIOLATION (0xc0000005) at pc=0x00007ffe50abbfba]
VM state: not at safepoint (not fully initialized)

VM Mutex/Monitor currently owned by a thread:  ([mutex/lock_event])
[0x00007ffe513f3a10] Heap_lock - owner thread: 0x0000029b2a1830f0

Heap address: 0x0000000081e00000, size: 2018 MB, Compressed Oops mode: 32-bit

CDS archive(s) mapped at: [0x0000000000000000-0x0000000000000000-0x0000000000000000), size 0, SharedBaseAddress: 0x0000000800000000, ArchiveRelocationMode: 1.
Narrow klass base: 0x0000000000000000, Narrow klass shift: 0, Narrow klass range: 0x0

GC Precious Log:
 CardTable entry size: 512
 Card Set container configuration: InlinePtr #cards 5 size 8 Array Of Cards #cards 10 size 36 Howl #buckets 4 coarsen threshold 1843 Howl Bitmap #cards 512 size 80 coarsen threshold 460 Card regions per heap region 1 cards per card region 2048

Heap:
 garbage-first heap   total reserved 2066432K, committed 0K, used 0K [0x0000000081e00000, 0x0000000100000000)
  region size 1024K, 0 young (0K), 0 survivors (0K)

[error occurred during error reporting (printing heap information), id 0xc0000005, EXCEPTION_ACCESS_VIOLATION (0xc0000005) at pc=0x00007ffe50ebc3b9]
GC Heap History (0 events):
No events

Dll operation events (1 events):
Event: 0.014 Loaded shared library C:\Program Files\Java\jdk-23\bin\java.dll

Deoptimization events (0 events):
No events

Classes loaded (0 events):
No events

Classes unloaded (0 events):
No events

Classes redefined (0 events):
No events

Internal exceptions (0 events):
No events

VM Operations (0 events):
No events

Memory protections (0 events):
No events

Nmethod flushes (0 events):
No events

Events (0 events):
No events


Dynamic libraries:
0x00007ff698900000 - 0x00007ff698910000 	C:\Program Files\Java\jdk-23\bin\javaw.exe
0x00007ffead490000 - 0x00007ffead688000 	C:\Windows\SYSTEM32\ntdll.dll
0x00007ffeabc40000 - 0x00007ffeabd02000 	C:\Windows\System32\KERNEL32.DLL
0x00007ffeaabe0000 - 0x00007ffeaaede000 	C:\Windows\System32\KERNELBASE.dll
0x00007ffeab2a0000 - 0x00007ffeab3a0000 	C:\Windows\System32\ucrtbase.dll
0x00007ffea5650000 - 0x00007ffea566b000 	C:\Program Files\Java\jdk-23\bin\VCRUNTIME140.dll
0x00007ffea5670000 - 0x00007ffea5687000 	C:\Program Files\Java\jdk-23\bin\jli.dll
0x00007ffeacd20000 - 0x00007ffeacebd000 	C:\Windows\System32\USER32.dll
0x00007ffeaaee0000 - 0x00007ffeaaf02000 	C:\Windows\System32\win32u.dll
0x00007ffe9df40000 - 0x00007ffe9e1da000 	C:\Windows\WinSxS\amd64_microsoft.windows.common-controls_6595b64144ccf1df_6.0.19041.4355_none_60b8b9eb71f62e16\COMCTL32.dll
0x00007ffeabf50000 - 0x00007ffeabf7b000 	C:\Windows\System32\GDI32.dll
0x00007ffeabb00000 - 0x00007ffeabb9e000 	C:\Windows\System32\msvcrt.dll
0x00007ffeaaf10000 - 0x00007ffeab027000 	C:\Windows\System32\gdi32full.dll
0x00007ffeab410000 - 0x00007ffeab4ad000 	C:\Windows\System32\msvcp_win.dll
0x00007ffeac440000 - 0x00007ffeac46f000 	C:\Windows\System32\IMM32.DLL
0x00007ffea8090000 - 0x00007ffea809c000 	C:\Program Files\Java\jdk-23\bin\vcruntime140_1.dll
0x00007ffe8aa70000 - 0x00007ffe8aafe000 	C:\Program Files\Java\jdk-23\bin\msvcp140.dll
0x00007ffe50780000 - 0x00007ffe514cf000 	C:\Program Files\Java\jdk-23\bin\server\jvm.dll
0x00007ffeab910000 - 0x00007ffeab9c2000 	C:\Windows\System32\ADVAPI32.dll
0x00007ffeab810000 - 0x00007ffeab8b0000 	C:\Windows\System32\sechost.dll
0x00007ffeac060000 - 0x00007ffeac183000 	C:\Windows\System32\RPCRT4.dll
0x00007ffeab270000 - 0x00007ffeab297000 	C:\Windows\System32\bcrypt.dll
0x00007ffeaccb0000 - 0x00007ffeacd1b000 	C:\Windows\System32\WS2_32.dll
0x00007ffeaa270000 - 0x00007ffeaa2bb000 	C:\Windows\SYSTEM32\POWRPROF.dll
0x00007ffe9f730000 - 0x00007ffe9f757000 	C:\Windows\SYSTEM32\WINMM.dll
0x00007ffea2e80000 - 0x00007ffea2e8a000 	C:\Windows\SYSTEM32\VERSION.dll
0x00007ffeaa1c0000 - 0x00007ffeaa1d2000 	C:\Windows\SYSTEM32\UMPDC.dll
0x00007ffea89b0000 - 0x00007ffea89c2000 	C:\Windows\SYSTEM32\kernel.appcore.dll
0x00007ffea5d80000 - 0x00007ffea5d8a000 	C:\Program Files\Java\jdk-23\bin\jimage.dll
0x00007ffe98250000 - 0x00007ffe98434000 	C:\Windows\SYSTEM32\DBGHELP.DLL
0x00007ffe97a90000 - 0x00007ffe97ac4000 	C:\Windows\SYSTEM32\dbgcore.DLL
0x00007ffeab030000 - 0x00007ffeab0b2000 	C:\Windows\System32\bcryptPrimitives.dll
0x00007ffea5440000 - 0x00007ffea545e000 	C:\Program Files\Java\jdk-23\bin\java.dll
0x00007ffeab9d0000 - 0x00007ffeabafb000 	C:\Windows\System32\ole32.dll
0x00007ffeab4b0000 - 0x00007ffeab803000 	C:\Windows\System32\combase.dll
0x00007ffeac470000 - 0x00007ffeacbdf000 	C:\Windows\System32\SHELL32.dll

dbghelp: loaded successfully - version: 4.0.5 - missing functions: none
symbol engine: initialized successfully - sym options: 0x614 - pdb path: .;C:\Program Files\Java\jdk-23\bin;C:\Windows\SYSTEM32;C:\Windows\WinSxS\amd64_microsoft.windows.common-controls_6595b64144ccf1df_6.0.19041.4355_none_60b8b9eb71f62e16;C:\Program Files\Java\jdk-23\bin\server

VM Arguments:
jvm_args: -Dfile.encoding=UTF-8 -Dstdout.encoding=UTF-8 -Dstderr.encoding=UTF-8 --module-path=C:\mysql-connector-j-9.1.0.jar -XX:+ShowCodeDetailsInExceptionMessages 
java_command: Main.Main
java_class_path (initial): C:\Users\Hp\Desktop\Prog.eclipse\GC\bin
Launcher Type: SUN_STANDARD

[Global flags]
     intx CICompilerCount                          = 3                                         {product} {ergonomic}
     uint ConcGCThreads                            = 1                                         {product} {ergonomic}
     uint G1ConcRefinementThreads                  = 4                                         {product} {ergonomic}
   size_t G1HeapRegionSize                         = 1048576                                   {product} {ergonomic}
   size_t InitialHeapSize                          = 134217728                                 {product} {ergonomic}
   size_t MarkStackSize                            = 4194304                                   {product} {ergonomic}
   size_t MarkStackSizeMax                         = 536870912                                 {product} {ergonomic}
   size_t MaxHeapSize                              = 2116026368                                {product} {ergonomic}
   size_t MinHeapDeltaBytes                        = 1048576                                   {product} {ergonomic}
   size_t MinHeapSize                              = 8388608                                   {product} {ergonomic}
    uintx NonNMethodCodeHeapSize                   = 5832704                                {pd product} {ergonomic}
    uintx NonProfiledCodeHeapSize                  = 122945536                              {pd product} {ergonomic}
    uintx ProfiledCodeHeapSize                     = 122880000                              {pd product} {ergonomic}
    uintx ReservedCodeCacheSize                    = 251658240                              {pd product} {ergonomic}
     bool SegmentedCodeCache                       = true                                      {product} {ergonomic}
     bool ShowCodeDetailsInExceptionMessages       = true                                   {manageable} {command line}
   size_t SoftMaxHeapSize                          = 2116026368                             {manageable} {ergonomic}
     bool UseCompressedOops                        = true                           {product lp64_product} {ergonomic}
     bool UseG1GC                                  = true                                      {product} {ergonomic}
     bool UseLargePagesIndividualAllocation        = false                                  {pd product} {ergonomic}

Logging:
Log output configuration:
 #0: stdout all=warning uptime,level,tags foldmultilines=false
 #1: stderr all=off uptime,level,tags foldmultilines=false

Environment Variables:
PATH=C:\Program Files\Common Files\Oracle\Java\javapath;C:\Windows\system32;C:\Windows;C:\Windows\System32\Wbem;C:\Windows\System32\WindowsPowerShell\v1.0\;C:\Windows\System32\OpenSSH\;C:\Program Files (x86)\dotnet\;C:\wamp64\bin\php\php7.4.33;C:\composer;C:\xampp\php;C:\Program Files\Git\cmd;C:\Users\Hp\AppData\Local\Programs\Python\Python312\Scripts\;C:\Users\Hp\AppData\Local\Programs\Python\Python312\;C:\Users\Hp\AppData\Local\Programs\Python\Python312-32\Scripts\;C:\Users\Hp\AppData\Local\Programs\Python\Python312-32\;C:\Users\Hp\AppData\Local\Programs\Python\Launcher\;C:\Users\Hp\AppData\Local\Microsoft\WindowsApps;C:\Users\Hp\AppData\Local\Programs\Microsoft VS Code\bin;C:\Users\Hp\AppData\Roaming\Composer\vendor\bin;C:\xampp\php;C:\xampp30\php;C:\Users\ Files\nodejs\;C:\Users\Hp\AppData\Local\Programs\MiKTeX\miktex\bin\x64\
USERNAME=Hp
OS=Windows_NT
PROCESSOR_IDENTIFIER=Intel64 Family 6 Model 61 Stepping 4, GenuineIntel
TMP=C:\Users\Hp\AppData\Local\Temp
TEMP=C:\Users\Hp\AppData\Local\Temp




Periodic native trim disabled

---------------  S Y S T E M  ---------------

OS:
 Windows 10 , 64 bit Build 19041 (10.0.19041.4957)
OS uptime: 11 days 6:05 hours

CPU: total 4 (initial active 4) (2 cores per cpu, 2 threads per core) family 6 model 61 stepping 4 microcode 0x2d, cx8, cmov, fxsr, ht, mmx, 3dnowpref, sse, sse2, sse3, ssse3, sse4.1, sse4.2, popcnt, lzcnt, tsc, tscinvbit, avx, avx2, aes, erms, clmul, bmi1, bmi2, rtm, adx, fma, vzeroupper, clflush, rdtscp, f16c
Processor Information for the first 4 processors :
  Max Mhz: 2601, Current Mhz: 2601, Mhz Limit: 2601

Memory: 4k page, system-wide physical 8067M (379M free)
TotalPageFile size 23441M (AvailPageFile size 127M)
current process WorkingSet (physical memory assigned to process): 11M, peak: 11M
current process commit charge ("private bytes"): 52M, peak: 180M

vm_info: Java HotSpot(TM) 64-Bit Server VM (23+37-2369) for windows-amd64 JRE (23+37-2369), built on 2024-08-20T16:01:23Z with MS VC++ 17.6 (VS2022)

END.
